TN:
SF:server.js
FN:32,(anonymous_0)
FN:38,(anonymous_1)
FN:46,(anonymous_2)
FN:50,(anonymous_3)
FN:65,(anonymous_4)
FN:89,(anonymous_5)
FN:109,(anonymous_6)
FN:134,(anonymous_7)
FN:169,(anonymous_8)
FN:181,(anonymous_9)
FN:195,(anonymous_10)
FN:196,(anonymous_11)
FN:201,(anonymous_12)
FN:206,(anonymous_13)
FN:212,(anonymous_14)
FNF:15
FNH:2
FNDA:0,(anonymous_0)
FNDA:0,(anonymous_1)
FNDA:1,(anonymous_2)
FNDA:1,(anonymous_3)
FNDA:0,(anonymous_4)
FNDA:0,(anonymous_5)
FNDA:0,(anonymous_6)
FNDA:0,(anonymous_7)
FNDA:0,(anonymous_8)
FNDA:0,(anonymous_9)
FNDA:0,(anonymous_10)
FNDA:0,(anonymous_11)
FNDA:0,(anonymous_12)
FNDA:0,(anonymous_13)
FNDA:0,(anonymous_14)
DA:1,1
DA:2,1
DA:3,1
DA:4,1
DA:5,1
DA:6,1
DA:7,1
DA:9,1
DA:10,1
DA:11,1
DA:12,1
DA:13,1
DA:16,1
DA:17,1
DA:18,1
DA:21,1
DA:25,1
DA:28,1
DA:29,1
DA:32,1
DA:33,0
DA:34,0
DA:36,0
DA:38,0
DA:39,0
DA:40,0
DA:41,0
DA:46,1
DA:47,1
DA:50,1
DA:51,1
DA:52,1
DA:62,1
DA:65,1
DA:66,0
DA:68,0
DA:69,0
DA:72,0
DA:73,0
DA:82,0
DA:83,0
DA:89,1
DA:90,0
DA:91,0
DA:93,0
DA:94,0
DA:97,0
DA:98,0
DA:109,1
DA:110,0
DA:111,0
DA:112,0
DA:117,0
DA:118,0
DA:120,0
DA:121,0
DA:124,0
DA:125,0
DA:130,0
DA:134,1
DA:135,0
DA:136,0
DA:137,0
DA:142,0
DA:143,0
DA:145,0
DA:146,0
DA:149,0
DA:159,0
DA:160,0
DA:165,0
DA:169,1
DA:170,0
DA:172,0
DA:173,0
DA:178,0
DA:181,1
DA:182,0
DA:183,0
DA:184,0
DA:186,0
DA:195,1
DA:196,0
DA:197,0
DA:201,1
DA:202,0
DA:206,1
DA:207,0
DA:208,0
DA:211,1
DA:212,0
DA:213,0
DA:217,1
LF:93
LH:37
BRDA:10,0,0,1
BRDA:10,0,1,1
BRDA:11,1,0,1
BRDA:11,1,1,0
BRDA:12,2,0,1
BRDA:12,2,1,1
BRDA:34,3,0,0
BRDA:34,3,1,0
BRDA:36,4,0,0
BRDA:36,4,1,0
BRDA:39,5,0,0
BRDA:39,5,1,0
BRDA:51,6,0,0
BRDA:51,7,0,0
BRDA:66,8,0,0
BRDA:68,9,0,0
BRDA:68,9,1,0
BRDA:93,10,0,0
BRDA:93,10,1,0
BRDA:93,11,0,0
BRDA:93,11,1,0
BRDA:120,12,0,0
BRDA:120,12,1,0
BRDA:145,13,0,0
BRDA:145,13,1,0
BRDA:172,14,0,0
BRDA:172,14,1,0
BRDA:183,15,0,0
BRDA:183,15,1,0
BRDA:211,16,0,0
BRDA:211,16,1,1
BRF:31
BRH:6
end_of_record
TN:
SF:js/core.js
FN:21,(anonymous_0)
FN:23,(anonymous_1)
FN:31,(anonymous_2)
FN:39,(anonymous_3)
FN:49,(anonymous_4)
FN:61,(anonymous_5)
FN:79,(anonymous_6)
FN:84,(anonymous_7)
FN:97,(anonymous_8)
FN:101,(anonymous_9)
FNF:10
FNH:6
FNDA:5,(anonymous_0)
FNDA:2,(anonymous_1)
FNDA:0,(anonymous_2)
FNDA:1,(anonymous_3)
FNDA:1,(anonymous_4)
FNDA:0,(anonymous_5)
FNDA:0,(anonymous_6)
FNDA:1,(anonymous_7)
FNDA:1,(anonymous_8)
FNDA:0,(anonymous_9)
DA:8,1
DA:20,1
DA:21,5
DA:24,2
DA:25,2
DA:26,2
DA:27,2
DA:28,2
DA:32,0
DA:33,0
DA:34,0
DA:40,1
DA:41,1
DA:42,1
DA:44,0
DA:45,0
DA:50,1
DA:51,1
DA:52,1
DA:54,0
DA:55,0
DA:62,0
DA:63,0
DA:64,0
DA:66,0
DA:78,0
DA:79,0
DA:85,1
DA:86,1
DA:87,1
DA:88,1
DA:89,1
DA:90,1
DA:91,1
DA:92,1
DA:93,1
DA:94,1
DA:98,1
DA:102,0
DA:117,1
LF:40
LH:26
BRDA:21,0,0,3
BRDA:24,1,0,0
BRDA:24,1,1,2
BRDA:42,2,0,1
BRDA:42,2,1,0
BRDA:61,3,0,0
BRDA:74,4,0,0
BRDA:74,4,1,0
BRDA:74,5,0,0
BRDA:74,5,1,0
BRDA:84,6,0,1
BRDA:85,7,0,1
BRDA:85,7,1,1
BRDA:86,8,0,1
BRDA:86,8,1,1
BRDA:87,9,0,1
BRDA:87,9,1,1
BRDA:88,10,0,1
BRDA:88,10,1,1
BRDA:89,11,0,1
BRDA:89,11,1,1
BRDA:90,12,0,1
BRDA:90,12,1,1
BRDA:91,13,0,1
BRDA:91,13,1,1
BRDA:92,14,0,1
BRDA:92,14,1,1
BRDA:93,15,0,1
BRDA:93,15,1,1
BRDA:94,16,0,1
BRDA:94,16,1,1
BRF:31
BRH:24
end_of_record
