TN:
SF:server.js
FN:29,(anonymous_0)
FN:35,(anonymous_1)
FN:43,(anonymous_2)
FN:47,(anonymous_3)
FN:62,(anonymous_4)
FN:74,(anonymous_5)
FN:75,(anonymous_6)
FN:80,(anonymous_7)
FN:85,(anonymous_8)
FN:91,(anonymous_9)
FNF:10
FNH:2
FNDA:0,(anonymous_0)
FNDA:0,(anonymous_1)
FNDA:1,(anonymous_2)
FNDA:1,(anonymous_3)
FNDA:0,(anonymous_4)
FNDA:0,(anonymous_5)
FNDA:0,(anonymous_6)
FNDA:0,(anonymous_7)
FNDA:0,(anonymous_8)
FNDA:0,(anonymous_9)
DA:1,1
DA:2,1
DA:3,1
DA:4,1
DA:5,1
DA:6,1
DA:8,1
DA:9,1
DA:10,1
DA:13,1
DA:14,1
DA:15,1
DA:18,1
DA:22,1
DA:25,1
DA:26,1
DA:29,1
DA:30,0
DA:31,0
DA:33,0
DA:35,0
DA:36,0
DA:37,0
DA:38,0
DA:43,1
DA:44,1
DA:47,1
DA:48,1
DA:49,1
DA:59,1
DA:62,1
DA:63,0
DA:64,0
DA:66,0
DA:67,0
DA:70,0
DA:71,0
DA:74,1
DA:75,0
DA:76,0
DA:80,1
DA:81,0
DA:85,1
DA:86,0
DA:87,0
DA:90,1
DA:91,0
DA:92,0
DA:96,1
LF:49
LH:29
BRDA:9,0,0,1
BRDA:9,0,1,1
BRDA:10,1,0,1
BRDA:10,1,1,0
BRDA:31,2,0,0
BRDA:31,2,1,0
BRDA:33,3,0,0
BRDA:33,3,1,0
BRDA:36,4,0,0
BRDA:36,4,1,0
BRDA:48,5,0,0
BRDA:48,6,0,0
BRDA:66,7,0,0
BRDA:66,7,1,0
BRDA:66,8,0,0
BRDA:66,8,1,0
BRDA:90,9,0,0
BRDA:90,9,1,1
BRF:18
BRH:4
end_of_record
TN:
SF:js/core.js
FN:21,(anonymous_0)
FN:23,(anonymous_1)
FN:31,(anonymous_2)
FN:39,(anonymous_3)
FN:49,(anonymous_4)
FN:61,(anonymous_5)
FN:79,(anonymous_6)
FN:84,(anonymous_7)
FN:97,(anonymous_8)
FN:101,(anonymous_9)
FNF:10
FNH:6
FNDA:5,(anonymous_0)
FNDA:2,(anonymous_1)
FNDA:0,(anonymous_2)
FNDA:1,(anonymous_3)
FNDA:1,(anonymous_4)
FNDA:0,(anonymous_5)
FNDA:0,(anonymous_6)
FNDA:1,(anonymous_7)
FNDA:1,(anonymous_8)
FNDA:0,(anonymous_9)
DA:8,1
DA:20,1
DA:21,5
DA:24,2
DA:25,2
DA:26,2
DA:27,2
DA:28,2
DA:32,0
DA:33,0
DA:34,0
DA:40,1
DA:41,1
DA:42,1
DA:44,0
DA:45,0
DA:50,1
DA:51,1
DA:52,1
DA:54,0
DA:55,0
DA:62,0
DA:63,0
DA:64,0
DA:66,0
DA:78,0
DA:79,0
DA:85,1
DA:86,1
DA:87,1
DA:88,1
DA:89,1
DA:90,1
DA:91,1
DA:92,1
DA:93,1
DA:94,1
DA:98,1
DA:102,0
DA:117,1
LF:40
LH:26
BRDA:21,0,0,3
BRDA:24,1,0,0
BRDA:24,1,1,2
BRDA:42,2,0,1
BRDA:42,2,1,0
BRDA:61,3,0,0
BRDA:74,4,0,0
BRDA:74,4,1,0
BRDA:74,5,0,0
BRDA:74,5,1,0
BRDA:84,6,0,1
BRDA:85,7,0,1
BRDA:85,7,1,1
BRDA:86,8,0,1
BRDA:86,8,1,1
BRDA:87,9,0,1
BRDA:87,9,1,1
BRDA:88,10,0,1
BRDA:88,10,1,1
BRDA:89,11,0,1
BRDA:89,11,1,1
BRDA:90,12,0,1
BRDA:90,12,1,1
BRDA:91,13,0,1
BRDA:91,13,1,1
BRDA:92,14,0,1
BRDA:92,14,1,1
BRDA:93,15,0,1
BRDA:93,15,1,1
BRDA:94,16,0,1
BRDA:94,16,1,1
BRF:31
BRH:24
end_of_record
